{"/Users/draz/se-project/inspire-me/16-5240/quotes.js":{"path":"/Users/draz/se-project/inspire-me/16-5240/quotes.js","s":{"1":1,"2":1,"3":1,"4":1,"5":6,"6":6,"7":1,"8":3,"9":1,"10":3,"11":1,"12":2,"13":2,"14":0,"15":2,"16":1,"17":1,"18":1,"19":0,"20":1,"21":1,"22":0,"23":0,"24":0,"25":0,"26":1,"27":3,"28":1,"29":1,"30":1,"31":1,"32":1,"33":1},"b":{"1":[3,3],"2":[0,2],"3":[1,1],"4":[0,1],"5":[0,0]},"f":{"1":6,"2":3,"3":3,"4":2,"5":2,"6":1,"7":0,"8":0,"9":3},"fnMap":{"1":{"name":"getElementByIndexElseRandom","line":6,"loc":{"start":{"line":6,"column":0},"end":{"line":6,"column":51}}},"2":{"name":"getQuoteFromJSON","line":10,"loc":{"start":{"line":10,"column":0},"end":{"line":10,"column":29}}},"3":{"name":"getQuotesFromJSON","line":13,"loc":{"start":{"line":13,"column":0},"end":{"line":13,"column":29}}},"4":{"name":"seedDB","line":17,"loc":{"start":{"line":17,"column":0},"end":{"line":17,"column":21}}},"5":{"name":"(anonymous_5)","line":18,"loc":{"start":{"line":18,"column":48},"end":{"line":18,"column":69}}},"6":{"name":"(anonymous_6)","line":23,"loc":{"start":{"line":23,"column":60},"end":{"line":23,"column":75}}},"7":{"name":"getQuote","line":31,"loc":{"start":{"line":31,"column":0},"end":{"line":31,"column":25}}},"8":{"name":"(anonymous_8)","line":32,"loc":{"start":{"line":32,"column":50},"end":{"line":32,"column":73}}},"9":{"name":"getQuotesFromDB","line":38,"loc":{"start":{"line":38,"column":0},"end":{"line":38,"column":29}}}},"statementMap":{"1":{"start":{"line":1,"column":0},"end":{"line":1,"column":39}},"2":{"start":{"line":2,"column":0},"end":{"line":2,"column":28}},"3":{"start":{"line":4,"column":0},"end":{"line":4,"column":24}},"4":{"start":{"line":6,"column":0},"end":{"line":9,"column":1}},"5":{"start":{"line":7,"column":4},"end":{"line":7,"column":75}},"6":{"start":{"line":8,"column":4},"end":{"line":8,"column":24}},"7":{"start":{"line":10,"column":0},"end":{"line":12,"column":1}},"8":{"start":{"line":11,"column":4},"end":{"line":11,"column":50}},"9":{"start":{"line":13,"column":0},"end":{"line":15,"column":1}},"10":{"start":{"line":14,"column":4},"end":{"line":14,"column":18}},"11":{"start":{"line":17,"column":0},"end":{"line":29,"column":1}},"12":{"start":{"line":18,"column":4},"end":{"line":28,"column":7}},"13":{"start":{"line":19,"column":8},"end":{"line":19,"column":32}},"14":{"start":{"line":19,"column":17},"end":{"line":19,"column":32}},"15":{"start":{"line":20,"column":8},"end":{"line":27,"column":9}},"16":{"start":{"line":21,"column":12},"end":{"line":21,"column":28}},"17":{"start":{"line":23,"column":12},"end":{"line":26,"column":15}},"18":{"start":{"line":24,"column":16},"end":{"line":24,"column":40}},"19":{"start":{"line":24,"column":25},"end":{"line":24,"column":40}},"20":{"start":{"line":25,"column":16},"end":{"line":25,"column":31}},"21":{"start":{"line":31,"column":0},"end":{"line":36,"column":1}},"22":{"start":{"line":32,"column":4},"end":{"line":35,"column":7}},"23":{"start":{"line":33,"column":8},"end":{"line":33,"column":32}},"24":{"start":{"line":33,"column":17},"end":{"line":33,"column":32}},"25":{"start":{"line":34,"column":8},"end":{"line":34,"column":57}},"26":{"start":{"line":38,"column":0},"end":{"line":40,"column":1}},"27":{"start":{"line":39,"column":4},"end":{"line":39,"column":54}},"28":{"start":{"line":43,"column":0},"end":{"line":43,"column":66}},"29":{"start":{"line":44,"column":0},"end":{"line":44,"column":46}},"30":{"start":{"line":45,"column":0},"end":{"line":45,"column":44}},"31":{"start":{"line":46,"column":0},"end":{"line":46,"column":22}},"32":{"start":{"line":47,"column":0},"end":{"line":47,"column":42}},"33":{"start":{"line":48,"column":0},"end":{"line":48,"column":34}}},"branchMap":{"1":{"line":7,"type":"cond-expr","locations":[{"start":{"line":7,"column":30},"end":{"line":7,"column":68}},{"start":{"line":7,"column":69},"end":{"line":7,"column":74}}]},"2":{"line":19,"type":"if","locations":[{"start":{"line":19,"column":8},"end":{"line":19,"column":8}},{"start":{"line":19,"column":8},"end":{"line":19,"column":8}}]},"3":{"line":20,"type":"if","locations":[{"start":{"line":20,"column":8},"end":{"line":20,"column":8}},{"start":{"line":20,"column":8},"end":{"line":20,"column":8}}]},"4":{"line":24,"type":"if","locations":[{"start":{"line":24,"column":16},"end":{"line":24,"column":16}},{"start":{"line":24,"column":16},"end":{"line":24,"column":16}}]},"5":{"line":33,"type":"if","locations":[{"start":{"line":33,"column":8},"end":{"line":33,"column":8}},{"start":{"line":33,"column":8},"end":{"line":33,"column":8}}]}}},"/Users/draz/se-project/inspire-me/16-5240/db.js":{"path":"/Users/draz/se-project/inspire-me/16-5240/db.js","s":{"1":1,"2":1,"3":1,"4":1,"5":1,"6":1,"7":0,"8":1,"9":1,"10":1,"11":1,"12":8,"13":0,"14":8,"15":1,"16":1,"17":1,"18":1,"19":1},"b":{"1":[0,1],"2":[0,8]},"f":{"1":1,"2":1,"3":8,"4":1,"5":1,"6":1},"fnMap":{"1":{"name":"(anonymous_1)","line":9,"loc":{"start":{"line":9,"column":18},"end":{"line":9,"column":31}}},"2":{"name":"(anonymous_2)","line":10,"loc":{"start":{"line":10,"column":32},"end":{"line":10,"column":50}}},"3":{"name":"(anonymous_3)","line":25,"loc":{"start":{"line":25,"column":13},"end":{"line":25,"column":24}}},"4":{"name":"(anonymous_4)","line":34,"loc":{"start":{"line":34,"column":18},"end":{"line":34,"column":33}}},"5":{"name":"(anonymous_5)","line":35,"loc":{"start":{"line":35,"column":40},"end":{"line":35,"column":63}}},"6":{"name":"(anonymous_6)","line":36,"loc":{"start":{"line":36,"column":28},"end":{"line":36,"column":41}}}},"statementMap":{"1":{"start":{"line":1,"column":0},"end":{"line":1,"column":43}},"2":{"start":{"line":2,"column":0},"end":{"line":2,"column":14}},"3":{"start":{"line":3,"column":0},"end":{"line":3,"column":51}},"4":{"start":{"line":9,"column":0},"end":{"line":16,"column":2}},"5":{"start":{"line":10,"column":4},"end":{"line":15,"column":7}},"6":{"start":{"line":11,"column":8},"end":{"line":11,"column":32}},"7":{"start":{"line":11,"column":17},"end":{"line":11,"column":32}},"8":{"start":{"line":12,"column":8},"end":{"line":12,"column":39}},"9":{"start":{"line":13,"column":8},"end":{"line":13,"column":16}},"10":{"start":{"line":14,"column":8},"end":{"line":14,"column":21}},"11":{"start":{"line":25,"column":0},"end":{"line":28,"column":2}},"12":{"start":{"line":26,"column":4},"end":{"line":26,"column":75}},"13":{"start":{"line":26,"column":21},"end":{"line":26,"column":75}},"14":{"start":{"line":27,"column":4},"end":{"line":27,"column":14}},"15":{"start":{"line":34,"column":0},"end":{"line":41,"column":2}},"16":{"start":{"line":35,"column":4},"end":{"line":40,"column":19}},"17":{"start":{"line":36,"column":8},"end":{"line":38,"column":11}},"18":{"start":{"line":37,"column":12},"end":{"line":37,"column":47}},"19":{"start":{"line":39,"column":8},"end":{"line":39,"column":15}}},"branchMap":{"1":{"line":11,"type":"if","locations":[{"start":{"line":11,"column":8},"end":{"line":11,"column":8}},{"start":{"line":11,"column":8},"end":{"line":11,"column":8}}]},"2":{"line":26,"type":"if","locations":[{"start":{"line":26,"column":4},"end":{"line":26,"column":4}},{"start":{"line":26,"column":4},"end":{"line":26,"column":4}}]}}}}