TN:
SF:/Users/draz/se-project/inspire-me/16-5240/quotes.js
FN:6,getElementByIndexElseRandom
FN:10,getQuoteFromJSON
FN:13,getQuotesFromJSON
FN:17,seedDB
FN:18,(anonymous_5)
FN:23,(anonymous_6)
FN:31,getQuote
FN:32,(anonymous_8)
FN:38,getQuotesFromDB
FNF:9
FNH:7
FNDA:6,getElementByIndexElseRandom
FNDA:3,getQuoteFromJSON
FNDA:3,getQuotesFromJSON
FNDA:2,seedDB
FNDA:2,(anonymous_5)
FNDA:1,(anonymous_6)
FNDA:0,getQuote
FNDA:0,(anonymous_8)
FNDA:3,getQuotesFromDB
DA:1,1
DA:2,1
DA:4,1
DA:6,1
DA:7,6
DA:8,6
DA:10,1
DA:11,3
DA:13,1
DA:14,3
DA:17,1
DA:18,2
DA:19,2
DA:20,2
DA:21,1
DA:23,1
DA:24,1
DA:25,1
DA:31,1
DA:32,0
DA:33,0
DA:34,0
DA:38,1
DA:39,3
DA:43,1
DA:44,1
DA:45,1
DA:46,1
DA:47,1
DA:48,1
LF:30
LH:27
BRDA:7,1,0,3
BRDA:7,1,1,3
BRDA:19,2,0,0
BRDA:19,2,1,2
BRDA:20,3,0,1
BRDA:20,3,1,1
BRDA:24,4,0,0
BRDA:24,4,1,1
BRDA:33,5,0,0
BRDA:33,5,1,0
BRF:10
BRH:6
end_of_record
TN:
SF:/Users/draz/se-project/inspire-me/16-5240/db.js
FN:9,(anonymous_1)
FN:10,(anonymous_2)
FN:25,(anonymous_3)
FN:34,(anonymous_4)
FN:35,(anonymous_5)
FN:36,(anonymous_6)
FNF:6
FNH:6
FNDA:1,(anonymous_1)
FNDA:1,(anonymous_2)
FNDA:8,(anonymous_3)
FNDA:1,(anonymous_4)
FNDA:1,(anonymous_5)
FNDA:1,(anonymous_6)
DA:1,1
DA:2,1
DA:3,1
DA:9,1
DA:10,1
DA:11,1
DA:12,1
DA:13,1
DA:14,1
DA:25,1
DA:26,8
DA:27,8
DA:34,1
DA:35,1
DA:36,1
DA:37,1
DA:39,1
LF:17
LH:17
BRDA:11,1,0,0
BRDA:11,1,1,1
BRDA:26,2,0,0
BRDA:26,2,1,8
BRF:4
BRH:2
end_of_record
